Build started 5/27/2014 10:51:41 PM.
     1>Project "C:\Users\Lukasz\Documents\Visual Studio 2010\Projects\OPEN_CV\OPEN_CV\OPEN_CV.vcxproj" on node 2 (build target(s)).
     1>InitializeBuildStatus:
         Creating "Debug\OPEN_CV.unsuccessfulbuild" because "AlwaysCreate" was specified.
       ClCompile:
         c:\Program Files (x86)\Microsoft Visual Studio 10.0\VC\bin\CL.exe /c /ZI /nologo /W3 /WX- /Od /Oy- /D WIN32 /D _DEBUG /D _CONSOLE /D _UNICODE /D UNICODE /Gm /EHsc /RTC1 /MDd /GS /fp:precise /Zc:wchar_t /Zc:forScope /Fo"Debug\\" /Fd"Debug\vc100.pdb" /Gd /TP /analyze- /errorReport:prompt Projekt.cpp
         Projekt.cpp
     1>c:\users\lukasz\documents\visual studio 2010\projects\open_cv\open_cv\projekt.cpp(15): warning C4129: 'P' : unrecognized character escape sequence
     1>c:\users\lukasz\documents\visual studio 2010\projects\open_cv\open_cv\projekt.cpp(15): warning C4129: 'V' : unrecognized character escape sequence
     1>c:\users\lukasz\documents\visual studio 2010\projects\open_cv\open_cv\projekt.cpp(15): warning C4129: 'S' : unrecognized character escape sequence
     1>c:\users\lukasz\documents\visual studio 2010\projects\open_cv\open_cv\projekt.cpp(15): warning C4129: 'Z' : unrecognized character escape sequence
     1>c:\users\lukasz\documents\visual studio 2010\projects\open_cv\open_cv\projekt.cpp(44): warning C4244: 'argument' : conversion from 'double' to 'int', possible loss of data
       ManifestResourceCompile:
         All outputs are up-to-date.
       Link:
         c:\Program Files (x86)\Microsoft Visual Studio 10.0\VC\bin\link.exe /ERRORREPORT:PROMPT /OUT:"C:\Users\Lukasz\Documents\Visual Studio 2010\Projects\OPEN_CV\Debug\OPEN_CV.exe" /INCREMENTAL /NOLOGO opencv_core247d.lib opencv_imgproc247d.lib opencv_highgui247d.lib opencv_ml247d.lib opencv_features2d247d.lib opencv_calib3d247d.lib kernel32.lib user32.lib gdi32.lib winspool.lib comdlg32.lib advapi32.lib shell32.lib ole32.lib oleaut32.lib uuid.lib odbc32.lib odbccp32.lib /MANIFEST /ManifestFile:"Debug\OPEN_CV.exe.intermediate.manifest" /MANIFESTUAC:"level='asInvoker' uiAccess='false'" /DEBUG /PDB:"C:\Users\Lukasz\Documents\Visual Studio 2010\Projects\OPEN_CV\Debug\OPEN_CV.pdb" /SUBSYSTEM:CONSOLE /TLBID:1 /DYNAMICBASE /NXCOMPAT /IMPLIB:"C:\Users\Lukasz\Documents\Visual Studio 2010\Projects\OPEN_CV\Debug\OPEN_CV.lib" /MACHINE:X86 Debug\OPEN_CV.exe.embed.manifest.res
         Debug\Projekt.obj
       Manifest:
         C:\Program Files (x86)\Microsoft SDKs\Windows\v7.0A\bin\mt.exe /nologo /verbose /out:"Debug\OPEN_CV.exe.embed.manifest" /manifest Debug\OPEN_CV.exe.intermediate.manifest
         All outputs are up-to-date.
       LinkEmbedManifest:
         All outputs are up-to-date.
         OPEN_CV.vcxproj -> C:\Users\Lukasz\Documents\Visual Studio 2010\Projects\OPEN_CV\Debug\OPEN_CV.exe
       FinalizeBuildStatus:
         Deleting file "Debug\OPEN_CV.unsuccessfulbuild".
         Touching "Debug\OPEN_CV.lastbuildstate".
     1>Done Building Project "C:\Users\Lukasz\Documents\Visual Studio 2010\Projects\OPEN_CV\OPEN_CV\OPEN_CV.vcxproj" (build target(s)).

Build succeeded.

Time Elapsed 00:00:05.56
